CRITICAL - 2025-12-11 03:42:39 --> ErrorException: Undefined array key "firstname"
[Method: GET, Route: course]
in APPPATH\Views\courses\index.php on line 132.
 1 APPPATH\Views\courses\index.php(132): CodeIgniter\Debug\Exceptions->errorHandler(2, 'Undefined array key "firstname"', 'C:\\xampp\\htdocs\\ITE311-LAGSIL\\app\\Views\\courses\\index.php', 132)
 2 SYSTEMPATH\View\View.php(226): include('C:\\xampp\\htdocs\\ITE311-LAGSIL\\app\\Views\\courses\\index.php')
 3 SYSTEMPATH\View\View.php(229): CodeIgniter\View\View->CodeIgniter\View\{closure}()
 4 SYSTEMPATH\Common.php(1167): CodeIgniter\View\View->render('courses/index', [], true)
 5 APPPATH\Controllers\Course.php(213): view('courses/index', [...])
 6 SYSTEMPATH\CodeIgniter.php(933): App\Controllers\Course->index()
 7 SYSTEMPATH\CodeIgniter.php(507): CodeIgniter\CodeIgniter->runController(Object(App\Controllers\Course))
 8 SYSTEMPATH\CodeIgniter.php(354): CodeIgniter\CodeIgniter->handleRequest(null, Object(Config\Cache), false)
 9 SYSTEMPATH\Boot.php(363): CodeIgniter\CodeIgniter->run()
10 SYSTEMPATH\Boot.php(68): CodeIgniter\Boot::runCodeIgniter(Object(CodeIgniter\CodeIgniter))
11 FCPATH\index.php(62): CodeIgniter\Boot::bootWeb(Object(Config\Paths))
CRITICAL - 2025-12-11 03:42:56 --> ErrorException: Undefined array key "firstname"
[Method: GET, Route: course]
in APPPATH\Views\courses\index.php on line 132.
 1 APPPATH\Views\courses\index.php(132): CodeIgniter\Debug\Exceptions->errorHandler(2, 'Undefined array key "firstname"', 'C:\\xampp\\htdocs\\ITE311-LAGSIL\\app\\Views\\courses\\index.php', 132)
 2 SYSTEMPATH\View\View.php(226): include('C:\\xampp\\htdocs\\ITE311-LAGSIL\\app\\Views\\courses\\index.php')
 3 SYSTEMPATH\View\View.php(229): CodeIgniter\View\View->CodeIgniter\View\{closure}()
 4 SYSTEMPATH\Common.php(1167): CodeIgniter\View\View->render('courses/index', [], true)
 5 APPPATH\Controllers\Course.php(213): view('courses/index', [...])
 6 SYSTEMPATH\CodeIgniter.php(933): App\Controllers\Course->index()
 7 SYSTEMPATH\CodeIgniter.php(507): CodeIgniter\CodeIgniter->runController(Object(App\Controllers\Course))
 8 SYSTEMPATH\CodeIgniter.php(354): CodeIgniter\CodeIgniter->handleRequest(null, Object(Config\Cache), false)
 9 SYSTEMPATH\Boot.php(363): CodeIgniter\CodeIgniter->run()
10 SYSTEMPATH\Boot.php(68): CodeIgniter\Boot::runCodeIgniter(Object(CodeIgniter\CodeIgniter))
11 FCPATH\index.php(62): CodeIgniter\Boot::bootWeb(Object(Config\Paths))
CRITICAL - 2025-12-11 03:43:01 --> ErrorException: Undefined array key "firstname"
[Method: GET, Route: course]
in APPPATH\Views\courses\index.php on line 132.
 1 APPPATH\Views\courses\index.php(132): CodeIgniter\Debug\Exceptions->errorHandler(2, 'Undefined array key "firstname"', 'C:\\xampp\\htdocs\\ITE311-LAGSIL\\app\\Views\\courses\\index.php', 132)
 2 SYSTEMPATH\View\View.php(226): include('C:\\xampp\\htdocs\\ITE311-LAGSIL\\app\\Views\\courses\\index.php')
 3 SYSTEMPATH\View\View.php(229): CodeIgniter\View\View->CodeIgniter\View\{closure}()
 4 SYSTEMPATH\Common.php(1167): CodeIgniter\View\View->render('courses/index', [], true)
 5 APPPATH\Controllers\Course.php(213): view('courses/index', [...])
 6 SYSTEMPATH\CodeIgniter.php(933): App\Controllers\Course->index()
 7 SYSTEMPATH\CodeIgniter.php(507): CodeIgniter\CodeIgniter->runController(Object(App\Controllers\Course))
 8 SYSTEMPATH\CodeIgniter.php(354): CodeIgniter\CodeIgniter->handleRequest(null, Object(Config\Cache), false)
 9 SYSTEMPATH\Boot.php(363): CodeIgniter\CodeIgniter->run()
10 SYSTEMPATH\Boot.php(68): CodeIgniter\Boot::runCodeIgniter(Object(CodeIgniter\CodeIgniter))
11 FCPATH\index.php(62): CodeIgniter\Boot::bootWeb(Object(Config\Paths))
CRITICAL - 2025-12-11 03:44:40 --> ErrorException: Undefined array key "firstname"
[Method: GET, Route: course]
in APPPATH\Views\courses\index.php on line 132.
 1 APPPATH\Views\courses\index.php(132): CodeIgniter\Debug\Exceptions->errorHandler(2, 'Undefined array key "firstname"', 'C:\\xampp\\htdocs\\ITE311-LAGSIL\\app\\Views\\courses\\index.php', 132)
 2 SYSTEMPATH\View\View.php(226): include('C:\\xampp\\htdocs\\ITE311-LAGSIL\\app\\Views\\courses\\index.php')
 3 SYSTEMPATH\View\View.php(229): CodeIgniter\View\View->CodeIgniter\View\{closure}()
 4 SYSTEMPATH\Common.php(1167): CodeIgniter\View\View->render('courses/index', [], true)
 5 APPPATH\Controllers\Course.php(215): view('courses/index', [...])
 6 SYSTEMPATH\CodeIgniter.php(933): App\Controllers\Course->index()
 7 SYSTEMPATH\CodeIgniter.php(507): CodeIgniter\CodeIgniter->runController(Object(App\Controllers\Course))
 8 SYSTEMPATH\CodeIgniter.php(354): CodeIgniter\CodeIgniter->handleRequest(null, Object(Config\Cache), false)
 9 SYSTEMPATH\Boot.php(363): CodeIgniter\CodeIgniter->run()
10 SYSTEMPATH\Boot.php(68): CodeIgniter\Boot::runCodeIgniter(Object(CodeIgniter\CodeIgniter))
11 FCPATH\index.php(62): CodeIgniter\Boot::bootWeb(Object(Config\Paths))
