CRITICAL - 2025-11-28 02:25:23 --> ErrorException: Undefined array key "course_id"
[Method: GET, Route: course]
in APPPATH\Views\courses\index.php on line 352.
 1 APPPATH\Views\courses\index.php(352): CodeIgniter\Debug\Exceptions->errorHandler(2, 'Undefined array key "course_id"', 'C:\\xampp\\htdocs\\ITE311-LAGSIL\\app\\Views\\courses\\index.php', 352)
 2 SYSTEMPATH\View\View.php(226): include('C:\\xampp\\htdocs\\ITE311-LAGSIL\\app\\Views\\courses\\index.php')
 3 SYSTEMPATH\View\View.php(229): CodeIgniter\View\View->CodeIgniter\View\{closure}()
 4 SYSTEMPATH\Common.php(1167): CodeIgniter\View\View->render('courses/index', [], true)
 5 APPPATH\Controllers\Course.php(158): view('courses/index', [...])
 6 SYSTEMPATH\CodeIgniter.php(933): App\Controllers\Course->index()
 7 SYSTEMPATH\CodeIgniter.php(507): CodeIgniter\CodeIgniter->runController(Object(App\Controllers\Course))
 8 SYSTEMPATH\CodeIgniter.php(354): CodeIgniter\CodeIgniter->handleRequest(null, Object(Config\Cache), false)
 9 SYSTEMPATH\Boot.php(363): CodeIgniter\CodeIgniter->run()
10 SYSTEMPATH\Boot.php(68): CodeIgniter\Boot::runCodeIgniter(Object(CodeIgniter\CodeIgniter))
11 FCPATH\index.php(62): CodeIgniter\Boot::bootWeb(Object(Config\Paths))
CRITICAL - 2025-11-28 02:25:26 --> ErrorException: Undefined array key "course_id"
[Method: GET, Route: course]
in APPPATH\Views\courses\index.php on line 352.
 1 APPPATH\Views\courses\index.php(352): CodeIgniter\Debug\Exceptions->errorHandler(2, 'Undefined array key "course_id"', 'C:\\xampp\\htdocs\\ITE311-LAGSIL\\app\\Views\\courses\\index.php', 352)
 2 SYSTEMPATH\View\View.php(226): include('C:\\xampp\\htdocs\\ITE311-LAGSIL\\app\\Views\\courses\\index.php')
 3 SYSTEMPATH\View\View.php(229): CodeIgniter\View\View->CodeIgniter\View\{closure}()
 4 SYSTEMPATH\Common.php(1167): CodeIgniter\View\View->render('courses/index', [], true)
 5 APPPATH\Controllers\Course.php(158): view('courses/index', [...])
 6 SYSTEMPATH\CodeIgniter.php(933): App\Controllers\Course->index()
 7 SYSTEMPATH\CodeIgniter.php(507): CodeIgniter\CodeIgniter->runController(Object(App\Controllers\Course))
 8 SYSTEMPATH\CodeIgniter.php(354): CodeIgniter\CodeIgniter->handleRequest(null, Object(Config\Cache), false)
 9 SYSTEMPATH\Boot.php(363): CodeIgniter\CodeIgniter->run()
10 SYSTEMPATH\Boot.php(68): CodeIgniter\Boot::runCodeIgniter(Object(CodeIgniter\CodeIgniter))
11 FCPATH\index.php(62): CodeIgniter\Boot::bootWeb(Object(Config\Paths))
CRITICAL - 2025-11-28 02:25:35 --> ErrorException: Undefined array key "course_id"
[Method: GET, Route: course]
in APPPATH\Views\courses\index.php on line 352.
 1 APPPATH\Views\courses\index.php(352): CodeIgniter\Debug\Exceptions->errorHandler(2, 'Undefined array key "course_id"', 'C:\\xampp\\htdocs\\ITE311-LAGSIL\\app\\Views\\courses\\index.php', 352)
 2 SYSTEMPATH\View\View.php(226): include('C:\\xampp\\htdocs\\ITE311-LAGSIL\\app\\Views\\courses\\index.php')
 3 SYSTEMPATH\View\View.php(229): CodeIgniter\View\View->CodeIgniter\View\{closure}()
 4 SYSTEMPATH\Common.php(1167): CodeIgniter\View\View->render('courses/index', [], true)
 5 APPPATH\Controllers\Course.php(158): view('courses/index', [...])
 6 SYSTEMPATH\CodeIgniter.php(933): App\Controllers\Course->index()
 7 SYSTEMPATH\CodeIgniter.php(507): CodeIgniter\CodeIgniter->runController(Object(App\Controllers\Course))
 8 SYSTEMPATH\CodeIgniter.php(354): CodeIgniter\CodeIgniter->handleRequest(null, Object(Config\Cache), false)
 9 SYSTEMPATH\Boot.php(363): CodeIgniter\CodeIgniter->run()
10 SYSTEMPATH\Boot.php(68): CodeIgniter\Boot::runCodeIgniter(Object(CodeIgniter\CodeIgniter))
11 FCPATH\index.php(62): CodeIgniter\Boot::bootWeb(Object(Config\Paths))
CRITICAL - 2025-11-28 02:25:47 --> ErrorException: Undefined array key "course_id"
[Method: GET, Route: course]
in APPPATH\Views\courses\index.php on line 352.
 1 APPPATH\Views\courses\index.php(352): CodeIgniter\Debug\Exceptions->errorHandler(2, 'Undefined array key "course_id"', 'C:\\xampp\\htdocs\\ITE311-LAGSIL\\app\\Views\\courses\\index.php', 352)
 2 SYSTEMPATH\View\View.php(226): include('C:\\xampp\\htdocs\\ITE311-LAGSIL\\app\\Views\\courses\\index.php')
 3 SYSTEMPATH\View\View.php(229): CodeIgniter\View\View->CodeIgniter\View\{closure}()
 4 SYSTEMPATH\Common.php(1167): CodeIgniter\View\View->render('courses/index', [], true)
 5 APPPATH\Controllers\Course.php(158): view('courses/index', [...])
 6 SYSTEMPATH\CodeIgniter.php(933): App\Controllers\Course->index()
 7 SYSTEMPATH\CodeIgniter.php(507): CodeIgniter\CodeIgniter->runController(Object(App\Controllers\Course))
 8 SYSTEMPATH\CodeIgniter.php(354): CodeIgniter\CodeIgniter->handleRequest(null, Object(Config\Cache), false)
 9 SYSTEMPATH\Boot.php(363): CodeIgniter\CodeIgniter->run()
10 SYSTEMPATH\Boot.php(68): CodeIgniter\Boot::runCodeIgniter(Object(CodeIgniter\CodeIgniter))
11 FCPATH\index.php(62): CodeIgniter\Boot::bootWeb(Object(Config\Paths))
CRITICAL - 2025-11-28 02:27:12 --> ErrorException: Undefined array key "course_id"
[Method: GET, Route: course]
in APPPATH\Views\courses\index.php on line 352.
 1 APPPATH\Views\courses\index.php(352): CodeIgniter\Debug\Exceptions->errorHandler(2, 'Undefined array key "course_id"', 'C:\\xampp\\htdocs\\ITE311-LAGSIL\\app\\Views\\courses\\index.php', 352)
 2 SYSTEMPATH\View\View.php(226): include('C:\\xampp\\htdocs\\ITE311-LAGSIL\\app\\Views\\courses\\index.php')
 3 SYSTEMPATH\View\View.php(229): CodeIgniter\View\View->CodeIgniter\View\{closure}()
 4 SYSTEMPATH\Common.php(1167): CodeIgniter\View\View->render('courses/index', [], true)
 5 APPPATH\Controllers\Course.php(158): view('courses/index', [...])
 6 SYSTEMPATH\CodeIgniter.php(933): App\Controllers\Course->index()
 7 SYSTEMPATH\CodeIgniter.php(507): CodeIgniter\CodeIgniter->runController(Object(App\Controllers\Course))
 8 SYSTEMPATH\CodeIgniter.php(354): CodeIgniter\CodeIgniter->handleRequest(null, Object(Config\Cache), false)
 9 SYSTEMPATH\Boot.php(363): CodeIgniter\CodeIgniter->run()
10 SYSTEMPATH\Boot.php(68): CodeIgniter\Boot::runCodeIgniter(Object(CodeIgniter\CodeIgniter))
11 FCPATH\index.php(62): CodeIgniter\Boot::bootWeb(Object(Config\Paths))
CRITICAL - 2025-11-28 02:28:02 --> ErrorException: Undefined array key "course_id"
[Method: GET, Route: course]
in APPPATH\Views\courses\index.php on line 352.
 1 APPPATH\Views\courses\index.php(352): CodeIgniter\Debug\Exceptions->errorHandler(2, 'Undefined array key "course_id"', 'C:\\xampp\\htdocs\\ITE311-LAGSIL\\app\\Views\\courses\\index.php', 352)
 2 SYSTEMPATH\View\View.php(226): include('C:\\xampp\\htdocs\\ITE311-LAGSIL\\app\\Views\\courses\\index.php')
 3 SYSTEMPATH\View\View.php(229): CodeIgniter\View\View->CodeIgniter\View\{closure}()
 4 SYSTEMPATH\Common.php(1167): CodeIgniter\View\View->render('courses/index', [], true)
 5 APPPATH\Controllers\Course.php(158): view('courses/index', [...])
 6 SYSTEMPATH\CodeIgniter.php(933): App\Controllers\Course->index()
 7 SYSTEMPATH\CodeIgniter.php(507): CodeIgniter\CodeIgniter->runController(Object(App\Controllers\Course))
 8 SYSTEMPATH\CodeIgniter.php(354): CodeIgniter\CodeIgniter->handleRequest(null, Object(Config\Cache), false)
 9 SYSTEMPATH\Boot.php(363): CodeIgniter\CodeIgniter->run()
10 SYSTEMPATH\Boot.php(68): CodeIgniter\Boot::runCodeIgniter(Object(CodeIgniter\CodeIgniter))
11 FCPATH\index.php(62): CodeIgniter\Boot::bootWeb(Object(Config\Paths))
CRITICAL - 2025-11-28 02:28:05 --> ErrorException: Undefined array key "course_id"
[Method: GET, Route: course]
in APPPATH\Views\courses\index.php on line 352.
 1 APPPATH\Views\courses\index.php(352): CodeIgniter\Debug\Exceptions->errorHandler(2, 'Undefined array key "course_id"', 'C:\\xampp\\htdocs\\ITE311-LAGSIL\\app\\Views\\courses\\index.php', 352)
 2 SYSTEMPATH\View\View.php(226): include('C:\\xampp\\htdocs\\ITE311-LAGSIL\\app\\Views\\courses\\index.php')
 3 SYSTEMPATH\View\View.php(229): CodeIgniter\View\View->CodeIgniter\View\{closure}()
 4 SYSTEMPATH\Common.php(1167): CodeIgniter\View\View->render('courses/index', [], true)
 5 APPPATH\Controllers\Course.php(158): view('courses/index', [...])
 6 SYSTEMPATH\CodeIgniter.php(933): App\Controllers\Course->index()
 7 SYSTEMPATH\CodeIgniter.php(507): CodeIgniter\CodeIgniter->runController(Object(App\Controllers\Course))
 8 SYSTEMPATH\CodeIgniter.php(354): CodeIgniter\CodeIgniter->handleRequest(null, Object(Config\Cache), false)
 9 SYSTEMPATH\Boot.php(363): CodeIgniter\CodeIgniter->run()
10 SYSTEMPATH\Boot.php(68): CodeIgniter\Boot::runCodeIgniter(Object(CodeIgniter\CodeIgniter))
11 FCPATH\index.php(62): CodeIgniter\Boot::bootWeb(Object(Config\Paths))
CRITICAL - 2025-11-28 02:28:17 --> ErrorException: Undefined array key "course_id"
[Method: GET, Route: course]
in APPPATH\Views\courses\index.php on line 352.
 1 APPPATH\Views\courses\index.php(352): CodeIgniter\Debug\Exceptions->errorHandler(2, 'Undefined array key "course_id"', 'C:\\xampp\\htdocs\\ITE311-LAGSIL\\app\\Views\\courses\\index.php', 352)
 2 SYSTEMPATH\View\View.php(226): include('C:\\xampp\\htdocs\\ITE311-LAGSIL\\app\\Views\\courses\\index.php')
 3 SYSTEMPATH\View\View.php(229): CodeIgniter\View\View->CodeIgniter\View\{closure}()
 4 SYSTEMPATH\Common.php(1167): CodeIgniter\View\View->render('courses/index', [], true)
 5 APPPATH\Controllers\Course.php(158): view('courses/index', [...])
 6 SYSTEMPATH\CodeIgniter.php(933): App\Controllers\Course->index()
 7 SYSTEMPATH\CodeIgniter.php(507): CodeIgniter\CodeIgniter->runController(Object(App\Controllers\Course))
 8 SYSTEMPATH\CodeIgniter.php(354): CodeIgniter\CodeIgniter->handleRequest(null, Object(Config\Cache), false)
 9 SYSTEMPATH\Boot.php(363): CodeIgniter\CodeIgniter->run()
10 SYSTEMPATH\Boot.php(68): CodeIgniter\Boot::runCodeIgniter(Object(CodeIgniter\CodeIgniter))
11 FCPATH\index.php(62): CodeIgniter\Boot::bootWeb(Object(Config\Paths))
CRITICAL - 2025-11-28 02:29:09 --> ErrorException: Undefined variable $materialModel
[Method: GET, Route: course]
in APPPATH\Views\courses\index.php on line 158.
 1 APPPATH\Views\courses\index.php(158): CodeIgniter\Debug\Exceptions->errorHandler(2, 'Undefined variable $materialModel', 'C:\\xampp\\htdocs\\ITE311-LAGSIL\\app\\Views\\courses\\index.php', 158)
 2 SYSTEMPATH\View\View.php(226): include('C:\\xampp\\htdocs\\ITE311-LAGSIL\\app\\Views\\courses\\index.php')
 3 SYSTEMPATH\View\View.php(229): CodeIgniter\View\View->CodeIgniter\View\{closure}()
 4 SYSTEMPATH\Common.php(1167): CodeIgniter\View\View->render('courses/index', [], true)
 5 APPPATH\Controllers\Course.php(158): view('courses/index', [...])
 6 SYSTEMPATH\CodeIgniter.php(933): App\Controllers\Course->index()
 7 SYSTEMPATH\CodeIgniter.php(507): CodeIgniter\CodeIgniter->runController(Object(App\Controllers\Course))
 8 SYSTEMPATH\CodeIgniter.php(354): CodeIgniter\CodeIgniter->handleRequest(null, Object(Config\Cache), false)
 9 SYSTEMPATH\Boot.php(363): CodeIgniter\CodeIgniter->run()
10 SYSTEMPATH\Boot.php(68): CodeIgniter\Boot::runCodeIgniter(Object(CodeIgniter\CodeIgniter))
11 FCPATH\index.php(62): CodeIgniter\Boot::bootWeb(Object(Config\Paths))
CRITICAL - 2025-11-28 02:31:05 --> ErrorException: Undefined variable $materialModel
[Method: GET, Route: course]
in APPPATH\Views\courses\index.php on line 158.
 1 APPPATH\Views\courses\index.php(158): CodeIgniter\Debug\Exceptions->errorHandler(2, 'Undefined variable $materialModel', 'C:\\xampp\\htdocs\\ITE311-LAGSIL\\app\\Views\\courses\\index.php', 158)
 2 SYSTEMPATH\View\View.php(226): include('C:\\xampp\\htdocs\\ITE311-LAGSIL\\app\\Views\\courses\\index.php')
 3 SYSTEMPATH\View\View.php(229): CodeIgniter\View\View->CodeIgniter\View\{closure}()
 4 SYSTEMPATH\Common.php(1167): CodeIgniter\View\View->render('courses/index', [], true)
 5 APPPATH\Controllers\Course.php(158): view('courses/index', [...])
 6 SYSTEMPATH\CodeIgniter.php(933): App\Controllers\Course->index()
 7 SYSTEMPATH\CodeIgniter.php(507): CodeIgniter\CodeIgniter->runController(Object(App\Controllers\Course))
 8 SYSTEMPATH\CodeIgniter.php(354): CodeIgniter\CodeIgniter->handleRequest(null, Object(Config\Cache), false)
 9 SYSTEMPATH\Boot.php(363): CodeIgniter\CodeIgniter->run()
10 SYSTEMPATH\Boot.php(68): CodeIgniter\Boot::runCodeIgniter(Object(CodeIgniter\CodeIgniter))
11 FCPATH\index.php(62): CodeIgniter\Boot::bootWeb(Object(Config\Paths))
CRITICAL - 2025-11-28 02:31:16 --> ErrorException: Undefined variable $materialModel
[Method: GET, Route: course]
in APPPATH\Views\courses\index.php on line 158.
 1 APPPATH\Views\courses\index.php(158): CodeIgniter\Debug\Exceptions->errorHandler(2, 'Undefined variable $materialModel', 'C:\\xampp\\htdocs\\ITE311-LAGSIL\\app\\Views\\courses\\index.php', 158)
 2 SYSTEMPATH\View\View.php(226): include('C:\\xampp\\htdocs\\ITE311-LAGSIL\\app\\Views\\courses\\index.php')
 3 SYSTEMPATH\View\View.php(229): CodeIgniter\View\View->CodeIgniter\View\{closure}()
 4 SYSTEMPATH\Common.php(1167): CodeIgniter\View\View->render('courses/index', [], true)
 5 APPPATH\Controllers\Course.php(158): view('courses/index', [...])
 6 SYSTEMPATH\CodeIgniter.php(933): App\Controllers\Course->index()
 7 SYSTEMPATH\CodeIgniter.php(507): CodeIgniter\CodeIgniter->runController(Object(App\Controllers\Course))
 8 SYSTEMPATH\CodeIgniter.php(354): CodeIgniter\CodeIgniter->handleRequest(null, Object(Config\Cache), false)
 9 SYSTEMPATH\Boot.php(363): CodeIgniter\CodeIgniter->run()
10 SYSTEMPATH\Boot.php(68): CodeIgniter\Boot::runCodeIgniter(Object(CodeIgniter\CodeIgniter))
11 FCPATH\index.php(62): CodeIgniter\Boot::bootWeb(Object(Config\Paths))
CRITICAL - 2025-11-28 02:32:10 --> ErrorException: Undefined array key "course_id"
[Method: GET, Route: course]
in APPPATH\Views\courses\index.php on line 352.
 1 APPPATH\Views\courses\index.php(352): CodeIgniter\Debug\Exceptions->errorHandler(2, 'Undefined array key "course_id"', 'C:\\xampp\\htdocs\\ITE311-LAGSIL\\app\\Views\\courses\\index.php', 352)
 2 SYSTEMPATH\View\View.php(226): include('C:\\xampp\\htdocs\\ITE311-LAGSIL\\app\\Views\\courses\\index.php')
 3 SYSTEMPATH\View\View.php(229): CodeIgniter\View\View->CodeIgniter\View\{closure}()
 4 SYSTEMPATH\Common.php(1167): CodeIgniter\View\View->render('courses/index', [], true)
 5 APPPATH\Controllers\Course.php(158): view('courses/index', [...])
 6 SYSTEMPATH\CodeIgniter.php(933): App\Controllers\Course->index()
 7 SYSTEMPATH\CodeIgniter.php(507): CodeIgniter\CodeIgniter->runController(Object(App\Controllers\Course))
 8 SYSTEMPATH\CodeIgniter.php(354): CodeIgniter\CodeIgniter->handleRequest(null, Object(Config\Cache), false)
 9 SYSTEMPATH\Boot.php(363): CodeIgniter\CodeIgniter->run()
10 SYSTEMPATH\Boot.php(68): CodeIgniter\Boot::runCodeIgniter(Object(CodeIgniter\CodeIgniter))
11 FCPATH\index.php(62): CodeIgniter\Boot::bootWeb(Object(Config\Paths))
CRITICAL - 2025-11-28 02:32:58 --> ErrorException: Undefined array key "course_id"
[Method: GET, Route: course]
in APPPATH\Views\courses\index.php on line 353.
 1 APPPATH\Views\courses\index.php(353): CodeIgniter\Debug\Exceptions->errorHandler(2, 'Undefined array key "course_id"', 'C:\\xampp\\htdocs\\ITE311-LAGSIL\\app\\Views\\courses\\index.php', 353)
 2 SYSTEMPATH\View\View.php(226): include('C:\\xampp\\htdocs\\ITE311-LAGSIL\\app\\Views\\courses\\index.php')
 3 SYSTEMPATH\View\View.php(229): CodeIgniter\View\View->CodeIgniter\View\{closure}()
 4 SYSTEMPATH\Common.php(1167): CodeIgniter\View\View->render('courses/index', [], true)
 5 APPPATH\Controllers\Course.php(158): view('courses/index', [...])
 6 SYSTEMPATH\CodeIgniter.php(933): App\Controllers\Course->index()
 7 SYSTEMPATH\CodeIgniter.php(507): CodeIgniter\CodeIgniter->runController(Object(App\Controllers\Course))
 8 SYSTEMPATH\CodeIgniter.php(354): CodeIgniter\CodeIgniter->handleRequest(null, Object(Config\Cache), false)
 9 SYSTEMPATH\Boot.php(363): CodeIgniter\CodeIgniter->run()
10 SYSTEMPATH\Boot.php(68): CodeIgniter\Boot::runCodeIgniter(Object(CodeIgniter\CodeIgniter))
11 FCPATH\index.php(62): CodeIgniter\Boot::bootWeb(Object(Config\Paths))
CRITICAL - 2025-11-28 02:33:05 --> ErrorException: Undefined array key "course_id"
[Method: GET, Route: course]
in APPPATH\Views\courses\index.php on line 353.
 1 APPPATH\Views\courses\index.php(353): CodeIgniter\Debug\Exceptions->errorHandler(2, 'Undefined array key "course_id"', 'C:\\xampp\\htdocs\\ITE311-LAGSIL\\app\\Views\\courses\\index.php', 353)
 2 SYSTEMPATH\View\View.php(226): include('C:\\xampp\\htdocs\\ITE311-LAGSIL\\app\\Views\\courses\\index.php')
 3 SYSTEMPATH\View\View.php(229): CodeIgniter\View\View->CodeIgniter\View\{closure}()
 4 SYSTEMPATH\Common.php(1167): CodeIgniter\View\View->render('courses/index', [], true)
 5 APPPATH\Controllers\Course.php(158): view('courses/index', [...])
 6 SYSTEMPATH\CodeIgniter.php(933): App\Controllers\Course->index()
 7 SYSTEMPATH\CodeIgniter.php(507): CodeIgniter\CodeIgniter->runController(Object(App\Controllers\Course))
 8 SYSTEMPATH\CodeIgniter.php(354): CodeIgniter\CodeIgniter->handleRequest(null, Object(Config\Cache), false)
 9 SYSTEMPATH\Boot.php(363): CodeIgniter\CodeIgniter->run()
10 SYSTEMPATH\Boot.php(68): CodeIgniter\Boot::runCodeIgniter(Object(CodeIgniter\CodeIgniter))
11 FCPATH\index.php(62): CodeIgniter\Boot::bootWeb(Object(Config\Paths))
CRITICAL - 2025-11-28 02:40:08 --> ErrorException: Undefined array key "course_id"
[Method: GET, Route: course]
in APPPATH\Views\courses\index.php on line 353.
 1 APPPATH\Views\courses\index.php(353): CodeIgniter\Debug\Exceptions->errorHandler(2, 'Undefined array key "course_id"', 'C:\\xampp\\htdocs\\ITE311-LAGSIL\\app\\Views\\courses\\index.php', 353)
 2 SYSTEMPATH\View\View.php(226): include('C:\\xampp\\htdocs\\ITE311-LAGSIL\\app\\Views\\courses\\index.php')
 3 SYSTEMPATH\View\View.php(229): CodeIgniter\View\View->CodeIgniter\View\{closure}()
 4 SYSTEMPATH\Common.php(1167): CodeIgniter\View\View->render('courses/index', [], true)
 5 APPPATH\Controllers\Course.php(158): view('courses/index', [...])
 6 SYSTEMPATH\CodeIgniter.php(933): App\Controllers\Course->index()
 7 SYSTEMPATH\CodeIgniter.php(507): CodeIgniter\CodeIgniter->runController(Object(App\Controllers\Course))
 8 SYSTEMPATH\CodeIgniter.php(354): CodeIgniter\CodeIgniter->handleRequest(null, Object(Config\Cache), false)
 9 SYSTEMPATH\Boot.php(363): CodeIgniter\CodeIgniter->run()
10 SYSTEMPATH\Boot.php(68): CodeIgniter\Boot::runCodeIgniter(Object(CodeIgniter\CodeIgniter))
11 FCPATH\index.php(62): CodeIgniter\Boot::bootWeb(Object(Config\Paths))
CRITICAL - 2025-11-28 02:41:24 --> ErrorException: Undefined array key "course_id"
[Method: GET, Route: course]
in APPPATH\Views\courses\index.php on line 353.
 1 APPPATH\Views\courses\index.php(353): CodeIgniter\Debug\Exceptions->errorHandler(2, 'Undefined array key "course_id"', 'C:\\xampp\\htdocs\\ITE311-LAGSIL\\app\\Views\\courses\\index.php', 353)
 2 SYSTEMPATH\View\View.php(226): include('C:\\xampp\\htdocs\\ITE311-LAGSIL\\app\\Views\\courses\\index.php')
 3 SYSTEMPATH\View\View.php(229): CodeIgniter\View\View->CodeIgniter\View\{closure}()
 4 SYSTEMPATH\Common.php(1167): CodeIgniter\View\View->render('courses/index', [], true)
 5 APPPATH\Controllers\Course.php(158): view('courses/index', [...])
 6 SYSTEMPATH\CodeIgniter.php(933): App\Controllers\Course->index()
 7 SYSTEMPATH\CodeIgniter.php(507): CodeIgniter\CodeIgniter->runController(Object(App\Controllers\Course))
 8 SYSTEMPATH\CodeIgniter.php(354): CodeIgniter\CodeIgniter->handleRequest(null, Object(Config\Cache), false)
 9 SYSTEMPATH\Boot.php(363): CodeIgniter\CodeIgniter->run()
10 SYSTEMPATH\Boot.php(68): CodeIgniter\Boot::runCodeIgniter(Object(CodeIgniter\CodeIgniter))
11 FCPATH\index.php(62): CodeIgniter\Boot::bootWeb(Object(Config\Paths))
CRITICAL - 2025-11-28 02:48:52 --> ErrorException: Undefined array key "course_id"
[Method: GET, Route: course]
in APPPATH\Views\courses\index.php on line 353.
 1 APPPATH\Views\courses\index.php(353): CodeIgniter\Debug\Exceptions->errorHandler(2, 'Undefined array key "course_id"', 'C:\\xampp\\htdocs\\ITE311-LAGSIL\\app\\Views\\courses\\index.php', 353)
 2 SYSTEMPATH\View\View.php(226): include('C:\\xampp\\htdocs\\ITE311-LAGSIL\\app\\Views\\courses\\index.php')
 3 SYSTEMPATH\View\View.php(229): CodeIgniter\View\View->CodeIgniter\View\{closure}()
 4 SYSTEMPATH\Common.php(1167): CodeIgniter\View\View->render('courses/index', [], true)
 5 APPPATH\Controllers\Course.php(158): view('courses/index', [...])
 6 SYSTEMPATH\CodeIgniter.php(933): App\Controllers\Course->index()
 7 SYSTEMPATH\CodeIgniter.php(507): CodeIgniter\CodeIgniter->runController(Object(App\Controllers\Course))
 8 SYSTEMPATH\CodeIgniter.php(354): CodeIgniter\CodeIgniter->handleRequest(null, Object(Config\Cache), false)
 9 SYSTEMPATH\Boot.php(363): CodeIgniter\CodeIgniter->run()
10 SYSTEMPATH\Boot.php(68): CodeIgniter\Boot::runCodeIgniter(Object(CodeIgniter\CodeIgniter))
11 FCPATH\index.php(62): CodeIgniter\Boot::bootWeb(Object(Config\Paths))
CRITICAL - 2025-11-28 02:48:55 --> ErrorException: Undefined array key "course_id"
[Method: GET, Route: course]
in APPPATH\Views\courses\index.php on line 353.
 1 APPPATH\Views\courses\index.php(353): CodeIgniter\Debug\Exceptions->errorHandler(2, 'Undefined array key "course_id"', 'C:\\xampp\\htdocs\\ITE311-LAGSIL\\app\\Views\\courses\\index.php', 353)
 2 SYSTEMPATH\View\View.php(226): include('C:\\xampp\\htdocs\\ITE311-LAGSIL\\app\\Views\\courses\\index.php')
 3 SYSTEMPATH\View\View.php(229): CodeIgniter\View\View->CodeIgniter\View\{closure}()
 4 SYSTEMPATH\Common.php(1167): CodeIgniter\View\View->render('courses/index', [], true)
 5 APPPATH\Controllers\Course.php(158): view('courses/index', [...])
 6 SYSTEMPATH\CodeIgniter.php(933): App\Controllers\Course->index()
 7 SYSTEMPATH\CodeIgniter.php(507): CodeIgniter\CodeIgniter->runController(Object(App\Controllers\Course))
 8 SYSTEMPATH\CodeIgniter.php(354): CodeIgniter\CodeIgniter->handleRequest(null, Object(Config\Cache), false)
 9 SYSTEMPATH\Boot.php(363): CodeIgniter\CodeIgniter->run()
10 SYSTEMPATH\Boot.php(68): CodeIgniter\Boot::runCodeIgniter(Object(CodeIgniter\CodeIgniter))
11 FCPATH\index.php(62): CodeIgniter\Boot::bootWeb(Object(Config\Paths))
CRITICAL - 2025-11-28 02:52:45 --> ErrorException: Undefined array key "course_id"
[Method: GET, Route: course]
in APPPATH\Views\courses\index.php on line 353.
 1 APPPATH\Views\courses\index.php(353): CodeIgniter\Debug\Exceptions->errorHandler(2, 'Undefined array key "course_id"', 'C:\\xampp\\htdocs\\ITE311-LAGSIL\\app\\Views\\courses\\index.php', 353)
 2 SYSTEMPATH\View\View.php(226): include('C:\\xampp\\htdocs\\ITE311-LAGSIL\\app\\Views\\courses\\index.php')
 3 SYSTEMPATH\View\View.php(229): CodeIgniter\View\View->CodeIgniter\View\{closure}()
 4 SYSTEMPATH\Common.php(1167): CodeIgniter\View\View->render('courses/index', [], true)
 5 APPPATH\Controllers\Course.php(158): view('courses/index', [...])
 6 SYSTEMPATH\CodeIgniter.php(933): App\Controllers\Course->index()
 7 SYSTEMPATH\CodeIgniter.php(507): CodeIgniter\CodeIgniter->runController(Object(App\Controllers\Course))
 8 SYSTEMPATH\CodeIgniter.php(354): CodeIgniter\CodeIgniter->handleRequest(null, Object(Config\Cache), false)
 9 SYSTEMPATH\Boot.php(363): CodeIgniter\CodeIgniter->run()
10 SYSTEMPATH\Boot.php(68): CodeIgniter\Boot::runCodeIgniter(Object(CodeIgniter\CodeIgniter))
11 FCPATH\index.php(62): CodeIgniter\Boot::bootWeb(Object(Config\Paths))
CRITICAL - 2025-11-28 03:01:22 --> ErrorException: Undefined array key "course_id"
[Method: GET, Route: course]
in APPPATH\Views\courses\index.php on line 353.
 1 APPPATH\Views\courses\index.php(353): CodeIgniter\Debug\Exceptions->errorHandler(2, 'Undefined array key "course_id"', 'C:\\xampp\\htdocs\\ITE311-LAGSIL\\app\\Views\\courses\\index.php', 353)
 2 SYSTEMPATH\View\View.php(226): include('C:\\xampp\\htdocs\\ITE311-LAGSIL\\app\\Views\\courses\\index.php')
 3 SYSTEMPATH\View\View.php(229): CodeIgniter\View\View->CodeIgniter\View\{closure}()
 4 SYSTEMPATH\Common.php(1167): CodeIgniter\View\View->render('courses/index', [], true)
 5 APPPATH\Controllers\Course.php(158): view('courses/index', [...])
 6 SYSTEMPATH\CodeIgniter.php(933): App\Controllers\Course->index()
 7 SYSTEMPATH\CodeIgniter.php(507): CodeIgniter\CodeIgniter->runController(Object(App\Controllers\Course))
 8 SYSTEMPATH\CodeIgniter.php(354): CodeIgniter\CodeIgniter->handleRequest(null, Object(Config\Cache), false)
 9 SYSTEMPATH\Boot.php(363): CodeIgniter\CodeIgniter->run()
10 SYSTEMPATH\Boot.php(68): CodeIgniter\Boot::runCodeIgniter(Object(CodeIgniter\CodeIgniter))
11 FCPATH\index.php(62): CodeIgniter\Boot::bootWeb(Object(Config\Paths))
CRITICAL - 2025-11-28 03:01:26 --> ErrorException: Undefined array key "course_id"
[Method: GET, Route: course]
in APPPATH\Views\courses\index.php on line 353.
 1 APPPATH\Views\courses\index.php(353): CodeIgniter\Debug\Exceptions->errorHandler(2, 'Undefined array key "course_id"', 'C:\\xampp\\htdocs\\ITE311-LAGSIL\\app\\Views\\courses\\index.php', 353)
 2 SYSTEMPATH\View\View.php(226): include('C:\\xampp\\htdocs\\ITE311-LAGSIL\\app\\Views\\courses\\index.php')
 3 SYSTEMPATH\View\View.php(229): CodeIgniter\View\View->CodeIgniter\View\{closure}()
 4 SYSTEMPATH\Common.php(1167): CodeIgniter\View\View->render('courses/index', [], true)
 5 APPPATH\Controllers\Course.php(158): view('courses/index', [...])
 6 SYSTEMPATH\CodeIgniter.php(933): App\Controllers\Course->index()
 7 SYSTEMPATH\CodeIgniter.php(507): CodeIgniter\CodeIgniter->runController(Object(App\Controllers\Course))
 8 SYSTEMPATH\CodeIgniter.php(354): CodeIgniter\CodeIgniter->handleRequest(null, Object(Config\Cache), false)
 9 SYSTEMPATH\Boot.php(363): CodeIgniter\CodeIgniter->run()
10 SYSTEMPATH\Boot.php(68): CodeIgniter\Boot::runCodeIgniter(Object(CodeIgniter\CodeIgniter))
11 FCPATH\index.php(62): CodeIgniter\Boot::bootWeb(Object(Config\Paths))
CRITICAL - 2025-11-28 03:01:30 --> ErrorException: Undefined array key "course_id"
[Method: GET, Route: course]
in APPPATH\Views\courses\index.php on line 353.
 1 APPPATH\Views\courses\index.php(353): CodeIgniter\Debug\Exceptions->errorHandler(2, 'Undefined array key "course_id"', 'C:\\xampp\\htdocs\\ITE311-LAGSIL\\app\\Views\\courses\\index.php', 353)
 2 SYSTEMPATH\View\View.php(226): include('C:\\xampp\\htdocs\\ITE311-LAGSIL\\app\\Views\\courses\\index.php')
 3 SYSTEMPATH\View\View.php(229): CodeIgniter\View\View->CodeIgniter\View\{closure}()
 4 SYSTEMPATH\Common.php(1167): CodeIgniter\View\View->render('courses/index', [], true)
 5 APPPATH\Controllers\Course.php(158): view('courses/index', [...])
 6 SYSTEMPATH\CodeIgniter.php(933): App\Controllers\Course->index()
 7 SYSTEMPATH\CodeIgniter.php(507): CodeIgniter\CodeIgniter->runController(Object(App\Controllers\Course))
 8 SYSTEMPATH\CodeIgniter.php(354): CodeIgniter\CodeIgniter->handleRequest(null, Object(Config\Cache), false)
 9 SYSTEMPATH\Boot.php(363): CodeIgniter\CodeIgniter->run()
10 SYSTEMPATH\Boot.php(68): CodeIgniter\Boot::runCodeIgniter(Object(CodeIgniter\CodeIgniter))
11 FCPATH\index.php(62): CodeIgniter\Boot::bootWeb(Object(Config\Paths))
CRITICAL - 2025-11-28 03:01:38 --> ErrorException: Undefined array key "course_id"
[Method: GET, Route: course]
in APPPATH\Views\courses\index.php on line 353.
 1 APPPATH\Views\courses\index.php(353): CodeIgniter\Debug\Exceptions->errorHandler(2, 'Undefined array key "course_id"', 'C:\\xampp\\htdocs\\ITE311-LAGSIL\\app\\Views\\courses\\index.php', 353)
 2 SYSTEMPATH\View\View.php(226): include('C:\\xampp\\htdocs\\ITE311-LAGSIL\\app\\Views\\courses\\index.php')
 3 SYSTEMPATH\View\View.php(229): CodeIgniter\View\View->CodeIgniter\View\{closure}()
 4 SYSTEMPATH\Common.php(1167): CodeIgniter\View\View->render('courses/index', [], true)
 5 APPPATH\Controllers\Course.php(158): view('courses/index', [...])
 6 SYSTEMPATH\CodeIgniter.php(933): App\Controllers\Course->index()
 7 SYSTEMPATH\CodeIgniter.php(507): CodeIgniter\CodeIgniter->runController(Object(App\Controllers\Course))
 8 SYSTEMPATH\CodeIgniter.php(354): CodeIgniter\CodeIgniter->handleRequest(null, Object(Config\Cache), false)
 9 SYSTEMPATH\Boot.php(363): CodeIgniter\CodeIgniter->run()
10 SYSTEMPATH\Boot.php(68): CodeIgniter\Boot::runCodeIgniter(Object(CodeIgniter\CodeIgniter))
11 FCPATH\index.php(62): CodeIgniter\Boot::bootWeb(Object(Config\Paths))
CRITICAL - 2025-11-28 03:04:34 --> ErrorException: Undefined array key "course_id"
[Method: GET, Route: course]
in APPPATH\Views\courses\index.php on line 353.
 1 APPPATH\Views\courses\index.php(353): CodeIgniter\Debug\Exceptions->errorHandler(2, 'Undefined array key "course_id"', 'C:\\xampp\\htdocs\\ITE311-LAGSIL\\app\\Views\\courses\\index.php', 353)
 2 SYSTEMPATH\View\View.php(226): include('C:\\xampp\\htdocs\\ITE311-LAGSIL\\app\\Views\\courses\\index.php')
 3 SYSTEMPATH\View\View.php(229): CodeIgniter\View\View->CodeIgniter\View\{closure}()
 4 SYSTEMPATH\Common.php(1167): CodeIgniter\View\View->render('courses/index', [], true)
 5 APPPATH\Controllers\Course.php(164): view('courses/index', [...])
 6 SYSTEMPATH\CodeIgniter.php(933): App\Controllers\Course->index()
 7 SYSTEMPATH\CodeIgniter.php(507): CodeIgniter\CodeIgniter->runController(Object(App\Controllers\Course))
 8 SYSTEMPATH\CodeIgniter.php(354): CodeIgniter\CodeIgniter->handleRequest(null, Object(Config\Cache), false)
 9 SYSTEMPATH\Boot.php(363): CodeIgniter\CodeIgniter->run()
10 SYSTEMPATH\Boot.php(68): CodeIgniter\Boot::runCodeIgniter(Object(CodeIgniter\CodeIgniter))
11 FCPATH\index.php(62): CodeIgniter\Boot::bootWeb(Object(Config\Paths))
CRITICAL - 2025-11-28 03:09:00 --> ErrorException: Undefined array key "course_id"
[Method: GET, Route: course]
in APPPATH\Views\courses\index.php on line 353.
 1 APPPATH\Views\courses\index.php(353): CodeIgniter\Debug\Exceptions->errorHandler(2, 'Undefined array key "course_id"', 'C:\\xampp\\htdocs\\ITE311-LAGSIL\\app\\Views\\courses\\index.php', 353)
 2 SYSTEMPATH\View\View.php(226): include('C:\\xampp\\htdocs\\ITE311-LAGSIL\\app\\Views\\courses\\index.php')
 3 SYSTEMPATH\View\View.php(229): CodeIgniter\View\View->CodeIgniter\View\{closure}()
 4 SYSTEMPATH\Common.php(1167): CodeIgniter\View\View->render('courses/index', [], true)
 5 APPPATH\Controllers\Course.php(158): view('courses/index', [...])
 6 SYSTEMPATH\CodeIgniter.php(933): App\Controllers\Course->index()
 7 SYSTEMPATH\CodeIgniter.php(507): CodeIgniter\CodeIgniter->runController(Object(App\Controllers\Course))
 8 SYSTEMPATH\CodeIgniter.php(354): CodeIgniter\CodeIgniter->handleRequest(null, Object(Config\Cache), false)
 9 SYSTEMPATH\Boot.php(363): CodeIgniter\CodeIgniter->run()
10 SYSTEMPATH\Boot.php(68): CodeIgniter\Boot::runCodeIgniter(Object(CodeIgniter\CodeIgniter))
11 FCPATH\index.php(62): CodeIgniter\Boot::bootWeb(Object(Config\Paths))
CRITICAL - 2025-11-28 03:09:05 --> ErrorException: Undefined array key "course_id"
[Method: GET, Route: course]
in APPPATH\Views\courses\index.php on line 353.
 1 APPPATH\Views\courses\index.php(353): CodeIgniter\Debug\Exceptions->errorHandler(2, 'Undefined array key "course_id"', 'C:\\xampp\\htdocs\\ITE311-LAGSIL\\app\\Views\\courses\\index.php', 353)
 2 SYSTEMPATH\View\View.php(226): include('C:\\xampp\\htdocs\\ITE311-LAGSIL\\app\\Views\\courses\\index.php')
 3 SYSTEMPATH\View\View.php(229): CodeIgniter\View\View->CodeIgniter\View\{closure}()
 4 SYSTEMPATH\Common.php(1167): CodeIgniter\View\View->render('courses/index', [], true)
 5 APPPATH\Controllers\Course.php(158): view('courses/index', [...])
 6 SYSTEMPATH\CodeIgniter.php(933): App\Controllers\Course->index()
 7 SYSTEMPATH\CodeIgniter.php(507): CodeIgniter\CodeIgniter->runController(Object(App\Controllers\Course))
 8 SYSTEMPATH\CodeIgniter.php(354): CodeIgniter\CodeIgniter->handleRequest(null, Object(Config\Cache), false)
 9 SYSTEMPATH\Boot.php(363): CodeIgniter\CodeIgniter->run()
10 SYSTEMPATH\Boot.php(68): CodeIgniter\Boot::runCodeIgniter(Object(CodeIgniter\CodeIgniter))
11 FCPATH\index.php(62): CodeIgniter\Boot::bootWeb(Object(Config\Paths))
CRITICAL - 2025-11-28 03:10:15 --> ErrorException: Undefined array key "course_id"
[Method: GET, Route: course]
in APPPATH\Views\courses\index.php on line 353.
 1 APPPATH\Views\courses\index.php(353): CodeIgniter\Debug\Exceptions->errorHandler(2, 'Undefined array key "course_id"', 'C:\\xampp\\htdocs\\ITE311-LAGSIL\\app\\Views\\courses\\index.php', 353)
 2 SYSTEMPATH\View\View.php(226): include('C:\\xampp\\htdocs\\ITE311-LAGSIL\\app\\Views\\courses\\index.php')
 3 SYSTEMPATH\View\View.php(229): CodeIgniter\View\View->CodeIgniter\View\{closure}()
 4 SYSTEMPATH\Common.php(1167): CodeIgniter\View\View->render('courses/index', [], true)
 5 APPPATH\Controllers\Course.php(158): view('courses/index', [...])
 6 SYSTEMPATH\CodeIgniter.php(933): App\Controllers\Course->index()
 7 SYSTEMPATH\CodeIgniter.php(507): CodeIgniter\CodeIgniter->runController(Object(App\Controllers\Course))
 8 SYSTEMPATH\CodeIgniter.php(354): CodeIgniter\CodeIgniter->handleRequest(null, Object(Config\Cache), false)
 9 SYSTEMPATH\Boot.php(363): CodeIgniter\CodeIgniter->run()
10 SYSTEMPATH\Boot.php(68): CodeIgniter\Boot::runCodeIgniter(Object(CodeIgniter\CodeIgniter))
11 FCPATH\index.php(62): CodeIgniter\Boot::bootWeb(Object(Config\Paths))
DEBUG - 2025-11-28 03:13:46 --> Session: Class initialized using 'CodeIgniter\Session\Handlers\FileHandler' driver.
WARNING - 2025-11-28 03:13:47 --> [DEPRECATED] Creation of dynamic property App\Controllers\Announcement::$notificationCount is deprecated in APPPATH\Controllers\BaseController.php on line 73.
 1 APPPATH\Controllers\BaseController.php(59): App\Controllers\BaseController->loadNotificationData()
 2 SYSTEMPATH\CodeIgniter.php(904): App\Controllers\BaseController->initController(Object(CodeIgniter\HTTP\IncomingRequest), Object(CodeIgniter\HTTP\Response), Object(CodeIgniter\Log\Logger))
 3 SYSTEMPATH\CodeIgniter.php(498): CodeIgniter\CodeIgniter->createController()
 4 SYSTEMPATH\CodeIgniter.php(354): CodeIgniter\CodeIgniter->handleRequest(null, Object(Config\Cache), false)
 5 SYSTEMPATH\Boot.php(363): CodeIgniter\CodeIgniter->run()
 6 SYSTEMPATH\Boot.php(68): CodeIgniter\Boot::runCodeIgniter(Object(CodeIgniter\CodeIgniter))
 7 FCPATH\index.php(62): CodeIgniter\Boot::bootWeb(Object(Config\Paths))
DEBUG - 2025-11-28 03:13:49 --> Session: Class initialized using 'CodeIgniter\Session\Handlers\FileHandler' driver.
WARNING - 2025-11-28 03:13:50 --> [DEPRECATED] Creation of dynamic property App\Controllers\Notifications::$notificationCount is deprecated in APPPATH\Controllers\BaseController.php on line 73.
 1 APPPATH\Controllers\BaseController.php(59): App\Controllers\BaseController->loadNotificationData()
 2 SYSTEMPATH\CodeIgniter.php(904): App\Controllers\BaseController->initController(Object(CodeIgniter\HTTP\IncomingRequest), Object(CodeIgniter\HTTP\Response), Object(CodeIgniter\Log\Logger))
 3 SYSTEMPATH\CodeIgniter.php(498): CodeIgniter\CodeIgniter->createController()
 4 SYSTEMPATH\CodeIgniter.php(354): CodeIgniter\CodeIgniter->handleRequest(null, Object(Config\Cache), false)
 5 SYSTEMPATH\Boot.php(363): CodeIgniter\CodeIgniter->run()
 6 SYSTEMPATH\Boot.php(68): CodeIgniter\Boot::runCodeIgniter(Object(CodeIgniter\CodeIgniter))
 7 FCPATH\index.php(62): CodeIgniter\Boot::bootWeb(Object(Config\Paths))
DEBUG - 2025-11-28 03:13:51 --> Session: Class initialized using 'CodeIgniter\Session\Handlers\FileHandler' driver.
WARNING - 2025-11-28 03:13:52 --> [DEPRECATED] Creation of dynamic property App\Controllers\Auth::$notificationCount is deprecated in APPPATH\Controllers\BaseController.php on line 73.
 1 APPPATH\Controllers\BaseController.php(59): App\Controllers\BaseController->loadNotificationData()
 2 SYSTEMPATH\CodeIgniter.php(904): App\Controllers\BaseController->initController(Object(CodeIgniter\HTTP\IncomingRequest), Object(CodeIgniter\HTTP\Response), Object(CodeIgniter\Log\Logger))
 3 SYSTEMPATH\CodeIgniter.php(498): CodeIgniter\CodeIgniter->createController()
 4 SYSTEMPATH\CodeIgniter.php(354): CodeIgniter\CodeIgniter->handleRequest(null, Object(Config\Cache), false)
 5 SYSTEMPATH\Boot.php(363): CodeIgniter\CodeIgniter->run()
 6 SYSTEMPATH\Boot.php(68): CodeIgniter\Boot::runCodeIgniter(Object(CodeIgniter\CodeIgniter))
 7 FCPATH\index.php(62): CodeIgniter\Boot::bootWeb(Object(Config\Paths))
DEBUG - 2025-11-28 03:13:53 --> Session: Class initialized using 'CodeIgniter\Session\Handlers\FileHandler' driver.
WARNING - 2025-11-28 03:13:53 --> [DEPRECATED] Creation of dynamic property App\Controllers\Notifications::$notificationCount is deprecated in APPPATH\Controllers\BaseController.php on line 73.
 1 APPPATH\Controllers\BaseController.php(59): App\Controllers\BaseController->loadNotificationData()
 2 SYSTEMPATH\CodeIgniter.php(904): App\Controllers\BaseController->initController(Object(CodeIgniter\HTTP\IncomingRequest), Object(CodeIgniter\HTTP\Response), Object(CodeIgniter\Log\Logger))
 3 SYSTEMPATH\CodeIgniter.php(498): CodeIgniter\CodeIgniter->createController()
 4 SYSTEMPATH\CodeIgniter.php(354): CodeIgniter\CodeIgniter->handleRequest(null, Object(Config\Cache), false)
 5 SYSTEMPATH\Boot.php(363): CodeIgniter\CodeIgniter->run()
 6 SYSTEMPATH\Boot.php(68): CodeIgniter\Boot::runCodeIgniter(Object(CodeIgniter\CodeIgniter))
 7 FCPATH\index.php(62): CodeIgniter\Boot::bootWeb(Object(Config\Paths))
DEBUG - 2025-11-28 03:13:54 --> Session: Class initialized using 'CodeIgniter\Session\Handlers\FileHandler' driver.
WARNING - 2025-11-28 03:13:54 --> [DEPRECATED] Creation of dynamic property App\Controllers\Course::$notificationCount is deprecated in APPPATH\Controllers\BaseController.php on line 73.
 1 APPPATH\Controllers\BaseController.php(59): App\Controllers\BaseController->loadNotificationData()
 2 SYSTEMPATH\CodeIgniter.php(904): App\Controllers\BaseController->initController(Object(CodeIgniter\HTTP\IncomingRequest), Object(CodeIgniter\HTTP\Response), Object(CodeIgniter\Log\Logger))
 3 SYSTEMPATH\CodeIgniter.php(498): CodeIgniter\CodeIgniter->createController()
 4 SYSTEMPATH\CodeIgniter.php(354): CodeIgniter\CodeIgniter->handleRequest(null, Object(Config\Cache), false)
 5 SYSTEMPATH\Boot.php(363): CodeIgniter\CodeIgniter->run()
 6 SYSTEMPATH\Boot.php(68): CodeIgniter\Boot::runCodeIgniter(Object(CodeIgniter\CodeIgniter))
 7 FCPATH\index.php(62): CodeIgniter\Boot::bootWeb(Object(Config\Paths))
CRITICAL - 2025-11-28 03:13:54 --> ErrorException: Undefined array key "course_id"
[Method: GET, Route: course]
in APPPATH\Views\courses\index.php on line 353.
 1 APPPATH\Views\courses\index.php(353): CodeIgniter\Debug\Exceptions->errorHandler(2, 'Undefined array key "course_id"', 'C:\\xampp\\htdocs\\ITE311-LAGSIL\\app\\Views\\courses\\index.php', 353)
 2 SYSTEMPATH\View\View.php(226): include('C:\\xampp\\htdocs\\ITE311-LAGSIL\\app\\Views\\courses\\index.php')
 3 SYSTEMPATH\View\View.php(229): CodeIgniter\View\View->CodeIgniter\View\{closure}()
 4 SYSTEMPATH\Common.php(1167): CodeIgniter\View\View->render('courses/index', [], true)
 5 APPPATH\Controllers\Course.php(158): view('courses/index', [...])
 6 SYSTEMPATH\CodeIgniter.php(933): App\Controllers\Course->index()
 7 SYSTEMPATH\CodeIgniter.php(507): CodeIgniter\CodeIgniter->runController(Object(App\Controllers\Course))
 8 SYSTEMPATH\CodeIgniter.php(354): CodeIgniter\CodeIgniter->handleRequest(null, Object(Config\Cache), false)
 9 SYSTEMPATH\Boot.php(363): CodeIgniter\CodeIgniter->run()
10 SYSTEMPATH\Boot.php(68): CodeIgniter\Boot::runCodeIgniter(Object(CodeIgniter\CodeIgniter))
11 FCPATH\index.php(62): CodeIgniter\Boot::bootWeb(Object(Config\Paths))
DEBUG - 2025-11-28 03:15:48 --> Session: Class initialized using 'CodeIgniter\Session\Handlers\FileHandler' driver.
WARNING - 2025-11-28 03:15:48 --> [DEPRECATED] Creation of dynamic property App\Controllers\Course::$notificationCount is deprecated in APPPATH\Controllers\BaseController.php on line 73.
 1 APPPATH\Controllers\BaseController.php(59): App\Controllers\BaseController->loadNotificationData()
 2 SYSTEMPATH\CodeIgniter.php(904): App\Controllers\BaseController->initController(Object(CodeIgniter\HTTP\IncomingRequest), Object(CodeIgniter\HTTP\Response), Object(CodeIgniter\Log\Logger))
 3 SYSTEMPATH\CodeIgniter.php(498): CodeIgniter\CodeIgniter->createController()
 4 SYSTEMPATH\CodeIgniter.php(354): CodeIgniter\CodeIgniter->handleRequest(null, Object(Config\Cache), false)
 5 SYSTEMPATH\Boot.php(363): CodeIgniter\CodeIgniter->run()
 6 SYSTEMPATH\Boot.php(68): CodeIgniter\Boot::runCodeIgniter(Object(CodeIgniter\CodeIgniter))
 7 FCPATH\index.php(62): CodeIgniter\Boot::bootWeb(Object(Config\Paths))
CRITICAL - 2025-11-28 03:15:48 --> ErrorException: Undefined array key "course_id"
[Method: GET, Route: course]
in APPPATH\Views\courses\index.php on line 353.
 1 APPPATH\Views\courses\index.php(353): CodeIgniter\Debug\Exceptions->errorHandler(2, 'Undefined array key "course_id"', 'C:\\xampp\\htdocs\\ITE311-LAGSIL\\app\\Views\\courses\\index.php', 353)
 2 SYSTEMPATH\View\View.php(226): include('C:\\xampp\\htdocs\\ITE311-LAGSIL\\app\\Views\\courses\\index.php')
 3 SYSTEMPATH\View\View.php(229): CodeIgniter\View\View->CodeIgniter\View\{closure}()
 4 SYSTEMPATH\Common.php(1167): CodeIgniter\View\View->render('courses/index', [], true)
 5 APPPATH\Controllers\Course.php(158): view('courses/index', [...])
 6 SYSTEMPATH\CodeIgniter.php(933): App\Controllers\Course->index()
 7 SYSTEMPATH\CodeIgniter.php(507): CodeIgniter\CodeIgniter->runController(Object(App\Controllers\Course))
 8 SYSTEMPATH\CodeIgniter.php(354): CodeIgniter\CodeIgniter->handleRequest(null, Object(Config\Cache), false)
 9 SYSTEMPATH\Boot.php(363): CodeIgniter\CodeIgniter->run()
10 SYSTEMPATH\Boot.php(68): CodeIgniter\Boot::runCodeIgniter(Object(CodeIgniter\CodeIgniter))
11 FCPATH\index.php(62): CodeIgniter\Boot::bootWeb(Object(Config\Paths))
DEBUG - 2025-11-28 03:15:50 --> Session: Class initialized using 'CodeIgniter\Session\Handlers\FileHandler' driver.
WARNING - 2025-11-28 03:15:50 --> [DEPRECATED] Creation of dynamic property App\Controllers\Course::$notificationCount is deprecated in APPPATH\Controllers\BaseController.php on line 73.
 1 APPPATH\Controllers\BaseController.php(59): App\Controllers\BaseController->loadNotificationData()
 2 SYSTEMPATH\CodeIgniter.php(904): App\Controllers\BaseController->initController(Object(CodeIgniter\HTTP\IncomingRequest), Object(CodeIgniter\HTTP\Response), Object(CodeIgniter\Log\Logger))
 3 SYSTEMPATH\CodeIgniter.php(498): CodeIgniter\CodeIgniter->createController()
 4 SYSTEMPATH\CodeIgniter.php(354): CodeIgniter\CodeIgniter->handleRequest(null, Object(Config\Cache), false)
 5 SYSTEMPATH\Boot.php(363): CodeIgniter\CodeIgniter->run()
 6 SYSTEMPATH\Boot.php(68): CodeIgniter\Boot::runCodeIgniter(Object(CodeIgniter\CodeIgniter))
 7 FCPATH\index.php(62): CodeIgniter\Boot::bootWeb(Object(Config\Paths))
CRITICAL - 2025-11-28 03:15:50 --> ErrorException: Undefined array key "course_id"
[Method: GET, Route: course]
in APPPATH\Views\courses\index.php on line 353.
 1 APPPATH\Views\courses\index.php(353): CodeIgniter\Debug\Exceptions->errorHandler(2, 'Undefined array key "course_id"', 'C:\\xampp\\htdocs\\ITE311-LAGSIL\\app\\Views\\courses\\index.php', 353)
 2 SYSTEMPATH\View\View.php(226): include('C:\\xampp\\htdocs\\ITE311-LAGSIL\\app\\Views\\courses\\index.php')
 3 SYSTEMPATH\View\View.php(229): CodeIgniter\View\View->CodeIgniter\View\{closure}()
 4 SYSTEMPATH\Common.php(1167): CodeIgniter\View\View->render('courses/index', [], true)
 5 APPPATH\Controllers\Course.php(158): view('courses/index', [...])
 6 SYSTEMPATH\CodeIgniter.php(933): App\Controllers\Course->index()
 7 SYSTEMPATH\CodeIgniter.php(507): CodeIgniter\CodeIgniter->runController(Object(App\Controllers\Course))
 8 SYSTEMPATH\CodeIgniter.php(354): CodeIgniter\CodeIgniter->handleRequest(null, Object(Config\Cache), false)
 9 SYSTEMPATH\Boot.php(363): CodeIgniter\CodeIgniter->run()
10 SYSTEMPATH\Boot.php(68): CodeIgniter\Boot::runCodeIgniter(Object(CodeIgniter\CodeIgniter))
11 FCPATH\index.php(62): CodeIgniter\Boot::bootWeb(Object(Config\Paths))
DEBUG - 2025-11-28 03:18:12 --> Session: Class initialized using 'CodeIgniter\Session\Handlers\FileHandler' driver.
WARNING - 2025-11-28 03:18:12 --> [DEPRECATED] Creation of dynamic property App\Controllers\Course::$notificationCount is deprecated in APPPATH\Controllers\BaseController.php on line 73.
 1 APPPATH\Controllers\BaseController.php(59): App\Controllers\BaseController->loadNotificationData()
 2 SYSTEMPATH\CodeIgniter.php(904): App\Controllers\BaseController->initController(Object(CodeIgniter\HTTP\IncomingRequest), Object(CodeIgniter\HTTP\Response), Object(CodeIgniter\Log\Logger))
 3 SYSTEMPATH\CodeIgniter.php(498): CodeIgniter\CodeIgniter->createController()
 4 SYSTEMPATH\CodeIgniter.php(354): CodeIgniter\CodeIgniter->handleRequest(null, Object(Config\Cache), false)
 5 SYSTEMPATH\Boot.php(363): CodeIgniter\CodeIgniter->run()
 6 SYSTEMPATH\Boot.php(68): CodeIgniter\Boot::runCodeIgniter(Object(CodeIgniter\CodeIgniter))
 7 FCPATH\index.php(62): CodeIgniter\Boot::bootWeb(Object(Config\Paths))
DEBUG - 2025-11-28 03:18:13 --> Session: Class initialized using 'CodeIgniter\Session\Handlers\FileHandler' driver.
WARNING - 2025-11-28 03:18:13 --> [DEPRECATED] Creation of dynamic property App\Controllers\Notifications::$notificationCount is deprecated in APPPATH\Controllers\BaseController.php on line 73.
 1 APPPATH\Controllers\BaseController.php(59): App\Controllers\BaseController->loadNotificationData()
 2 SYSTEMPATH\CodeIgniter.php(904): App\Controllers\BaseController->initController(Object(CodeIgniter\HTTP\IncomingRequest), Object(CodeIgniter\HTTP\Response), Object(CodeIgniter\Log\Logger))
 3 SYSTEMPATH\CodeIgniter.php(498): CodeIgniter\CodeIgniter->createController()
 4 SYSTEMPATH\CodeIgniter.php(354): CodeIgniter\CodeIgniter->handleRequest(null, Object(Config\Cache), false)
 5 SYSTEMPATH\Boot.php(363): CodeIgniter\CodeIgniter->run()
 6 SYSTEMPATH\Boot.php(68): CodeIgniter\Boot::runCodeIgniter(Object(CodeIgniter\CodeIgniter))
 7 FCPATH\index.php(62): CodeIgniter\Boot::bootWeb(Object(Config\Paths))
DEBUG - 2025-11-28 03:18:18 --> Session: Class initialized using 'CodeIgniter\Session\Handlers\FileHandler' driver.
WARNING - 2025-11-28 03:18:18 --> [DEPRECATED] Creation of dynamic property App\Controllers\Notifications::$notificationCount is deprecated in APPPATH\Controllers\BaseController.php on line 73.
 1 APPPATH\Controllers\BaseController.php(59): App\Controllers\BaseController->loadNotificationData()
 2 SYSTEMPATH\CodeIgniter.php(904): App\Controllers\BaseController->initController(Object(CodeIgniter\HTTP\IncomingRequest), Object(CodeIgniter\HTTP\Response), Object(CodeIgniter\Log\Logger))
 3 SYSTEMPATH\CodeIgniter.php(498): CodeIgniter\CodeIgniter->createController()
 4 SYSTEMPATH\CodeIgniter.php(354): CodeIgniter\CodeIgniter->handleRequest(null, Object(Config\Cache), false)
 5 SYSTEMPATH\Boot.php(363): CodeIgniter\CodeIgniter->run()
 6 SYSTEMPATH\Boot.php(68): CodeIgniter\Boot::runCodeIgniter(Object(CodeIgniter\CodeIgniter))
 7 FCPATH\index.php(62): CodeIgniter\Boot::bootWeb(Object(Config\Paths))
DEBUG - 2025-11-28 03:18:22 --> Session: Class initialized using 'CodeIgniter\Session\Handlers\FileHandler' driver.
WARNING - 2025-11-28 03:18:22 --> [DEPRECATED] Creation of dynamic property App\Controllers\Course::$notificationCount is deprecated in APPPATH\Controllers\BaseController.php on line 73.
 1 APPPATH\Controllers\BaseController.php(59): App\Controllers\BaseController->loadNotificationData()
 2 SYSTEMPATH\CodeIgniter.php(904): App\Controllers\BaseController->initController(Object(CodeIgniter\HTTP\IncomingRequest), Object(CodeIgniter\HTTP\Response), Object(CodeIgniter\Log\Logger))
 3 SYSTEMPATH\CodeIgniter.php(498): CodeIgniter\CodeIgniter->createController()
 4 SYSTEMPATH\CodeIgniter.php(354): CodeIgniter\CodeIgniter->handleRequest(null, Object(Config\Cache), false)
 5 SYSTEMPATH\Boot.php(363): CodeIgniter\CodeIgniter->run()
 6 SYSTEMPATH\Boot.php(68): CodeIgniter\Boot::runCodeIgniter(Object(CodeIgniter\CodeIgniter))
 7 FCPATH\index.php(62): CodeIgniter\Boot::bootWeb(Object(Config\Paths))
DEBUG - 2025-11-28 03:18:23 --> Session: Class initialized using 'CodeIgniter\Session\Handlers\FileHandler' driver.
WARNING - 2025-11-28 03:18:23 --> [DEPRECATED] Creation of dynamic property App\Controllers\Notifications::$notificationCount is deprecated in APPPATH\Controllers\BaseController.php on line 73.
 1 APPPATH\Controllers\BaseController.php(59): App\Controllers\BaseController->loadNotificationData()
 2 SYSTEMPATH\CodeIgniter.php(904): App\Controllers\BaseController->initController(Object(CodeIgniter\HTTP\IncomingRequest), Object(CodeIgniter\HTTP\Response), Object(CodeIgniter\Log\Logger))
 3 SYSTEMPATH\CodeIgniter.php(498): CodeIgniter\CodeIgniter->createController()
 4 SYSTEMPATH\CodeIgniter.php(354): CodeIgniter\CodeIgniter->handleRequest(null, Object(Config\Cache), false)
 5 SYSTEMPATH\Boot.php(363): CodeIgniter\CodeIgniter->run()
 6 SYSTEMPATH\Boot.php(68): CodeIgniter\Boot::runCodeIgniter(Object(CodeIgniter\CodeIgniter))
 7 FCPATH\index.php(62): CodeIgniter\Boot::bootWeb(Object(Config\Paths))
DEBUG - 2025-11-28 03:18:26 --> Session: Class initialized using 'CodeIgniter\Session\Handlers\FileHandler' driver.
WARNING - 2025-11-28 03:18:26 --> [DEPRECATED] Creation of dynamic property App\Controllers\Course::$notificationCount is deprecated in APPPATH\Controllers\BaseController.php on line 73.
 1 APPPATH\Controllers\BaseController.php(59): App\Controllers\BaseController->loadNotificationData()
 2 SYSTEMPATH\CodeIgniter.php(904): App\Controllers\BaseController->initController(Object(CodeIgniter\HTTP\IncomingRequest), Object(CodeIgniter\HTTP\Response), Object(CodeIgniter\Log\Logger))
 3 SYSTEMPATH\CodeIgniter.php(498): CodeIgniter\CodeIgniter->createController()
 4 SYSTEMPATH\CodeIgniter.php(354): CodeIgniter\CodeIgniter->handleRequest(null, Object(Config\Cache), false)
 5 SYSTEMPATH\Boot.php(363): CodeIgniter\CodeIgniter->run()
 6 SYSTEMPATH\Boot.php(68): CodeIgniter\Boot::runCodeIgniter(Object(CodeIgniter\CodeIgniter))
 7 FCPATH\index.php(62): CodeIgniter\Boot::bootWeb(Object(Config\Paths))
DEBUG - 2025-11-28 03:18:27 --> Session: Class initialized using 'CodeIgniter\Session\Handlers\FileHandler' driver.
WARNING - 2025-11-28 03:18:27 --> [DEPRECATED] Creation of dynamic property App\Controllers\Notifications::$notificationCount is deprecated in APPPATH\Controllers\BaseController.php on line 73.
 1 APPPATH\Controllers\BaseController.php(59): App\Controllers\BaseController->loadNotificationData()
 2 SYSTEMPATH\CodeIgniter.php(904): App\Controllers\BaseController->initController(Object(CodeIgniter\HTTP\IncomingRequest), Object(CodeIgniter\HTTP\Response), Object(CodeIgniter\Log\Logger))
 3 SYSTEMPATH\CodeIgniter.php(498): CodeIgniter\CodeIgniter->createController()
 4 SYSTEMPATH\CodeIgniter.php(354): CodeIgniter\CodeIgniter->handleRequest(null, Object(Config\Cache), false)
 5 SYSTEMPATH\Boot.php(363): CodeIgniter\CodeIgniter->run()
 6 SYSTEMPATH\Boot.php(68): CodeIgniter\Boot::runCodeIgniter(Object(CodeIgniter\CodeIgniter))
 7 FCPATH\index.php(62): CodeIgniter\Boot::bootWeb(Object(Config\Paths))
DEBUG - 2025-11-28 03:18:33 --> Session: Class initialized using 'CodeIgniter\Session\Handlers\FileHandler' driver.
WARNING - 2025-11-28 03:18:33 --> [DEPRECATED] Creation of dynamic property App\Controllers\Notifications::$notificationCount is deprecated in APPPATH\Controllers\BaseController.php on line 73.
 1 APPPATH\Controllers\BaseController.php(59): App\Controllers\BaseController->loadNotificationData()
 2 SYSTEMPATH\CodeIgniter.php(904): App\Controllers\BaseController->initController(Object(CodeIgniter\HTTP\IncomingRequest), Object(CodeIgniter\HTTP\Response), Object(CodeIgniter\Log\Logger))
 3 SYSTEMPATH\CodeIgniter.php(498): CodeIgniter\CodeIgniter->createController()
 4 SYSTEMPATH\CodeIgniter.php(354): CodeIgniter\CodeIgniter->handleRequest(null, Object(Config\Cache), false)
 5 SYSTEMPATH\Boot.php(363): CodeIgniter\CodeIgniter->run()
 6 SYSTEMPATH\Boot.php(68): CodeIgniter\Boot::runCodeIgniter(Object(CodeIgniter\CodeIgniter))
 7 FCPATH\index.php(62): CodeIgniter\Boot::bootWeb(Object(Config\Paths))
DEBUG - 2025-11-28 03:18:38 --> Session: Class initialized using 'CodeIgniter\Session\Handlers\FileHandler' driver.
WARNING - 2025-11-28 03:18:38 --> [DEPRECATED] Creation of dynamic property App\Controllers\Notifications::$notificationCount is deprecated in APPPATH\Controllers\BaseController.php on line 73.
 1 APPPATH\Controllers\BaseController.php(59): App\Controllers\BaseController->loadNotificationData()
 2 SYSTEMPATH\CodeIgniter.php(904): App\Controllers\BaseController->initController(Object(CodeIgniter\HTTP\IncomingRequest), Object(CodeIgniter\HTTP\Response), Object(CodeIgniter\Log\Logger))
 3 SYSTEMPATH\CodeIgniter.php(498): CodeIgniter\CodeIgniter->createController()
 4 SYSTEMPATH\CodeIgniter.php(354): CodeIgniter\CodeIgniter->handleRequest(null, Object(Config\Cache), false)
 5 SYSTEMPATH\Boot.php(363): CodeIgniter\CodeIgniter->run()
 6 SYSTEMPATH\Boot.php(68): CodeIgniter\Boot::runCodeIgniter(Object(CodeIgniter\CodeIgniter))
 7 FCPATH\index.php(62): CodeIgniter\Boot::bootWeb(Object(Config\Paths))
